{"D:\\todo-app\\todo-frontend\\src\\App.tsx": {"path":"D:\\todo-app\\todo-frontend\\src\\App.tsx","statementMap":{"0":{"start":{"line":1,"column":0},"end":{"line":1,"column":41}},"1":{"start":{"line":2,"column":0},"end":{"line":2,"column":45}},"2":{"start":{"line":3,"column":0},"end":{"line":3,"column":45}},"3":{"start":{"line":6,"column":2},"end":{"line":21,"column":4}},"4":{"start":{"line":24,"column":0},"end":{"line":24,"column":19}}},"fnMap":{"0":{"name":"App","decl":{"start":{"line":5,"column":9},"end":{"line":5,"column":12}},"loc":{"start":{"line":5,"column":12},"end":{"line":22,"column":1}}}},"branchMap":{},"s":{"0":1,"1":1,"2":1,"3":1,"4":1},"f":{"0":1},"b":{}}
,"D:\\todo-app\\todo-frontend\\src\\components\\Header.tsx": {"path":"D:\\todo-app\\todo-frontend\\src\\components\\Header.tsx","statementMap":{"0":{"start":{"line":1,"column":15},"end":{"line":12,"column":1}},"1":{"start":{"line":2,"column":4},"end":{"line":11,"column":6}},"2":{"start":{"line":14,"column":0},"end":{"line":14,"column":22}}},"fnMap":{"0":{"name":"(anonymous_0)","decl":{"start":{"line":1,"column":15},"end":{"line":1,"column":18}},"loc":{"start":{"line":1,"column":20},"end":{"line":12,"column":1}}}},"branchMap":{},"s":{"0":2,"1":4,"2":2},"f":{"0":4},"b":{}}
,"D:\\todo-app\\todo-frontend\\src\\components\\TaskForm.tsx": {"path":"D:\\todo-app\\todo-frontend\\src\\components\\TaskForm.tsx","statementMap":{"0":{"start":{"line":1,"column":0},"end":{"line":1,"column":51}},"1":{"start":{"line":2,"column":0},"end":{"line":2,"column":42}},"2":{"start":{"line":3,"column":0},"end":{"line":3,"column":43}},"3":{"start":{"line":6,"column":17},"end":{"line":113,"column":1}},"4":{"start":{"line":7,"column":21},"end":{"line":7,"column":47}},"5":{"start":{"line":8,"column":30},"end":{"line":8,"column":42}},"6":{"start":{"line":9,"column":42},"end":{"line":9,"column":54}},"7":{"start":{"line":10,"column":40},"end":{"line":10,"column":52}},"8":{"start":{"line":11,"column":52},"end":{"line":11,"column":64}},"9":{"start":{"line":13,"column":29},"end":{"line":13,"column":31}},"10":{"start":{"line":14,"column":35},"end":{"line":14,"column":38}},"11":{"start":{"line":16,"column":4},"end":{"line":28,"column":29}},"12":{"start":{"line":17,"column":8},"end":{"line":21,"column":9}},"13":{"start":{"line":18,"column":12},"end":{"line":18,"column":81}},"14":{"start":{"line":20,"column":12},"end":{"line":20,"column":30}},"15":{"start":{"line":23,"column":8},"end":{"line":27,"column":9}},"16":{"start":{"line":24,"column":12},"end":{"line":24,"column":99}},"17":{"start":{"line":26,"column":12},"end":{"line":26,"column":36}},"18":{"start":{"line":30,"column":25},"end":{"line":40,"column":5}},"19":{"start":{"line":31,"column":8},"end":{"line":31,"column":27}},"20":{"start":{"line":33,"column":8},"end":{"line":33,"column":34}},"21":{"start":{"line":33,"column":27},"end":{"line":33,"column":34}},"22":{"start":{"line":34,"column":8},"end":{"line":34,"column":52}},"23":{"start":{"line":34,"column":45},"end":{"line":34,"column":52}},"24":{"start":{"line":35,"column":8},"end":{"line":35,"column":64}},"25":{"start":{"line":35,"column":57},"end":{"line":35,"column":64}},"26":{"start":{"line":37,"column":8},"end":{"line":37,"column":50}},"27":{"start":{"line":38,"column":8},"end":{"line":38,"column":21}},"28":{"start":{"line":39,"column":8},"end":{"line":39,"column":27}},"29":{"start":{"line":42,"column":23},"end":{"line":42,"column":130}},"30":{"start":{"line":45,"column":4},"end":{"line":112,"column":6}},"31":{"start":{"line":61,"column":41},"end":{"line":61,"column":65}},"32":{"start":{"line":84,"column":41},"end":{"line":84,"column":71}},"33":{"start":{"line":115,"column":0},"end":{"line":115,"column":24}}},"fnMap":{"0":{"name":"(anonymous_0)","decl":{"start":{"line":6,"column":17},"end":{"line":6,"column":20}},"loc":{"start":{"line":6,"column":22},"end":{"line":113,"column":1}}},"1":{"name":"(anonymous_1)","decl":{"start":{"line":16,"column":14},"end":{"line":16,"column":17}},"loc":{"start":{"line":16,"column":19},"end":{"line":28,"column":5}}},"2":{"name":"(anonymous_2)","decl":{"start":{"line":30,"column":25},"end":{"line":30,"column":26}},"loc":{"start":{"line":30,"column":48},"end":{"line":40,"column":5}}},"3":{"name":"(anonymous_3)","decl":{"start":{"line":61,"column":34},"end":{"line":61,"column":35}},"loc":{"start":{"line":61,"column":41},"end":{"line":61,"column":65}}},"4":{"name":"(anonymous_4)","decl":{"start":{"line":84,"column":34},"end":{"line":84,"column":35}},"loc":{"start":{"line":84,"column":41},"end":{"line":84,"column":71}}}},"branchMap":{"0":{"loc":{"start":{"line":17,"column":8},"end":{"line":21,"column":9}},"type":"if","locations":[{"start":{"line":17,"column":8},"end":{"line":21,"column":9}},{"start":{"line":19,"column":15},"end":{"line":21,"column":9}}]},"1":{"loc":{"start":{"line":23,"column":8},"end":{"line":27,"column":9}},"type":"if","locations":[{"start":{"line":23,"column":8},"end":{"line":27,"column":9}},{"start":{"line":25,"column":15},"end":{"line":27,"column":9}}]},"2":{"loc":{"start":{"line":33,"column":8},"end":{"line":33,"column":34}},"type":"if","locations":[{"start":{"line":33,"column":8},"end":{"line":33,"column":34}}]},"3":{"loc":{"start":{"line":34,"column":8},"end":{"line":34,"column":52}},"type":"if","locations":[{"start":{"line":34,"column":8},"end":{"line":34,"column":52}}]},"4":{"loc":{"start":{"line":35,"column":8},"end":{"line":35,"column":64}},"type":"if","locations":[{"start":{"line":35,"column":8},"end":{"line":35,"column":64}}]},"5":{"loc":{"start":{"line":42,"column":23},"end":{"line":42,"column":130}},"type":"binary-expr","locations":[{"start":{"line":42,"column":23},"end":{"line":42,"column":48}},{"start":{"line":42,"column":52},"end":{"line":42,"column":83}},{"start":{"line":42,"column":87},"end":{"line":42,"column":130}}]},"6":{"loc":{"start":{"line":64,"column":30},"end":{"line":64,"column":161}},"type":"cond-expr","locations":[{"start":{"line":64,"column":43},"end":{"line":64,"column":99}},{"start":{"line":64,"column":102},"end":{"line":64,"column":161}}]},"7":{"loc":{"start":{"line":67,"column":21},"end":{"line":70,"column":null}},"type":"binary-expr","locations":[{"start":{"line":67,"column":21},"end":{"line":67,"column":31}},{"start":{"line":68,"column":24},"end":{"line":69,"column":null}}]},"8":{"loc":{"start":{"line":88,"column":30},"end":{"line":88,"column":167}},"type":"cond-expr","locations":[{"start":{"line":88,"column":49},"end":{"line":88,"column":105}},{"start":{"line":88,"column":108},"end":{"line":88,"column":167}}]},"9":{"loc":{"start":{"line":90,"column":21},"end":{"line":93,"column":null}},"type":"binary-expr","locations":[{"start":{"line":90,"column":21},"end":{"line":90,"column":37}},{"start":{"line":91,"column":24},"end":{"line":92,"column":null}}]},"10":{"loc":{"start":{"line":101,"column":26},"end":{"line":103,"column":87}},"type":"cond-expr","locations":[{"start":{"line":102,"column":30},"end":{"line":102,"column":73}},{"start":{"line":103,"column":30},"end":{"line":103,"column":87}}]},"11":{"loc":{"start":{"line":101,"column":26},"end":{"line":101,"column":121}},"type":"binary-expr","locations":[{"start":{"line":101,"column":26},"end":{"line":101,"column":57}},{"start":{"line":101,"column":61},"end":{"line":101,"column":74}},{"start":{"line":101,"column":78},"end":{"line":101,"column":121}}]}},"s":{"0":2,"1":2,"2":2,"3":2,"4":35,"5":35,"6":35,"7":35,"8":35,"9":35,"10":35,"11":35,"12":22,"13":3,"14":19,"15":22,"16":2,"17":20,"18":35,"19":4,"20":4,"21":1,"22":3,"23":1,"24":2,"25":1,"26":1,"27":1,"28":1,"29":35,"30":35,"31":6,"32":6,"33":2},"f":{"0":35,"1":22,"2":4,"3":6,"4":6},"b":{"0":[3,19],"1":[2,20],"2":[1],"3":[1],"4":[1],"5":[35,18,12],"6":[4,31],"7":[35,4],"8":[2,33],"9":[35,2],"10":[25,10],"11":[35,29,12]}}
,"D:\\todo-app\\todo-frontend\\src\\components\\TaskItem.tsx": {"path":"D:\\todo-app\\todo-frontend\\src\\components\\TaskItem.tsx","statementMap":{"0":{"start":{"line":1,"column":0},"end":{"line":1,"column":42}},"1":{"start":{"line":2,"column":0},"end":{"line":2,"column":48}},"2":{"start":{"line":5,"column":0},"end":{"line":5,"column":56}},"3":{"start":{"line":11,"column":17},"end":{"line":64,"column":1}},"4":{"start":{"line":12,"column":21},"end":{"line":12,"column":47}},"5":{"start":{"line":14,"column":27},"end":{"line":18,"column":5}},"6":{"start":{"line":15,"column":8},"end":{"line":17,"column":9}},"7":{"start":{"line":16,"column":12},"end":{"line":16,"column":44}},"8":{"start":{"line":20,"column":27},"end":{"line":26,"column":5}},"9":{"start":{"line":21,"column":21},"end":{"line":21,"column":41}},"10":{"start":{"line":22,"column":8},"end":{"line":25,"column":10}},"11":{"start":{"line":28,"column":21},"end":{"line":28,"column":93}},"12":{"start":{"line":30,"column":33},"end":{"line":30,"column":96}},"13":{"start":{"line":32,"column":4},"end":{"line":63,"column":6}},"14":{"start":{"line":66,"column":0},"end":{"line":66,"column":24}}},"fnMap":{"0":{"name":"(anonymous_0)","decl":{"start":{"line":11,"column":17},"end":{"line":11,"column":18}},"loc":{"start":{"line":11,"column":45},"end":{"line":64,"column":1}}},"1":{"name":"(anonymous_1)","decl":{"start":{"line":14,"column":27},"end":{"line":14,"column":30}},"loc":{"start":{"line":14,"column":32},"end":{"line":18,"column":5}}},"2":{"name":"(anonymous_2)","decl":{"start":{"line":20,"column":27},"end":{"line":20,"column":28}},"loc":{"start":{"line":20,"column":50},"end":{"line":26,"column":5}}}},"branchMap":{"0":{"loc":{"start":{"line":15,"column":8},"end":{"line":17,"column":9}},"type":"if","locations":[{"start":{"line":15,"column":8},"end":{"line":17,"column":9}}]},"1":{"loc":{"start":{"line":28,"column":21},"end":{"line":28,"column":93}},"type":"cond-expr","locations":[{"start":{"line":28,"column":38},"end":{"line":28,"column":68}},{"start":{"line":28,"column":71},"end":{"line":28,"column":93}}]},"2":{"loc":{"start":{"line":30,"column":33},"end":{"line":30,"column":96}},"type":"cond-expr","locations":[{"start":{"line":30,"column":52},"end":{"line":30,"column":91}},{"start":{"line":30,"column":94},"end":{"line":30,"column":96}}]},"3":{"loc":{"start":{"line":38,"column":25},"end":{"line":39,"column":null}},"type":"binary-expr","locations":[{"start":{"line":38,"column":25},"end":{"line":38,"column":39}},{"start":{"line":39,"column":28},"end":{"line":39,"column":72}}]},"4":{"loc":{"start":{"line":46,"column":25},"end":{"line":46,"column":57}},"type":"binary-expr","locations":[{"start":{"line":46,"column":25},"end":{"line":46,"column":45}},{"start":{"line":46,"column":49},"end":{"line":46,"column":57}}]}},"s":{"0":2,"1":2,"2":2,"3":2,"4":5,"5":5,"6":1,"7":1,"8":5,"9":4,"10":4,"11":5,"12":5,"13":5,"14":2},"f":{"0":5,"1":1,"2":4},"b":{"0":[1],"1":[4,1],"2":[4,1],"3":[5,4],"4":[5,1]}}
,"D:\\todo-app\\todo-frontend\\src\\components\\TaskList.tsx": {"path":"D:\\todo-app\\todo-frontend\\src\\components\\TaskList.tsx","statementMap":{"0":{"start":{"line":1,"column":0},"end":{"line":1,"column":34}},"1":{"start":{"line":2,"column":0},"end":{"line":2,"column":55}},"2":{"start":{"line":3,"column":0},"end":{"line":3,"column":46}},"3":{"start":{"line":5,"column":0},"end":{"line":5,"column":34}},"4":{"start":{"line":7,"column":17},"end":{"line":58,"column":1}},"5":{"start":{"line":8,"column":21},"end":{"line":8,"column":47}},"6":{"start":{"line":9,"column":37},"end":{"line":9,"column":83}},"7":{"start":{"line":9,"column":71},"end":{"line":9,"column":82}},"8":{"start":{"line":11,"column":4},"end":{"line":15,"column":27}},"9":{"start":{"line":12,"column":8},"end":{"line":14,"column":9}},"10":{"start":{"line":13,"column":12},"end":{"line":13,"column":35}},"11":{"start":{"line":17,"column":4},"end":{"line":23,"column":5}},"12":{"start":{"line":18,"column":8},"end":{"line":22,"column":10}},"13":{"start":{"line":25,"column":4},"end":{"line":40,"column":5}},"14":{"start":{"line":26,"column":8},"end":{"line":39,"column":10}},"15":{"start":{"line":42,"column":4},"end":{"line":57,"column":6}},"16":{"start":{"line":52,"column":45},"end":{"line":52,"column":69}},"17":{"start":{"line":60,"column":0},"end":{"line":60,"column":24}}},"fnMap":{"0":{"name":"(anonymous_1)","decl":{"start":{"line":7,"column":17},"end":{"line":7,"column":20}},"loc":{"start":{"line":7,"column":22},"end":{"line":58,"column":1}}},"1":{"name":"(anonymous_2)","decl":{"start":{"line":9,"column":49},"end":{"line":9,"column":50}},"loc":{"start":{"line":9,"column":71},"end":{"line":9,"column":82}}},"2":{"name":"(anonymous_3)","decl":{"start":{"line":11,"column":14},"end":{"line":11,"column":17}},"loc":{"start":{"line":11,"column":19},"end":{"line":15,"column":5}}},"3":{"name":"(anonymous_4)","decl":{"start":{"line":52,"column":35},"end":{"line":52,"column":36}},"loc":{"start":{"line":52,"column":45},"end":{"line":52,"column":69}}}},"branchMap":{"0":{"loc":{"start":{"line":12,"column":8},"end":{"line":14,"column":9}},"type":"if","locations":[{"start":{"line":12,"column":8},"end":{"line":14,"column":9}}]},"1":{"loc":{"start":{"line":17,"column":4},"end":{"line":23,"column":5}},"type":"if","locations":[{"start":{"line":17,"column":4},"end":{"line":23,"column":5}}]},"2":{"loc":{"start":{"line":25,"column":4},"end":{"line":40,"column":5}},"type":"if","locations":[{"start":{"line":25,"column":4},"end":{"line":40,"column":5}}]},"3":{"loc":{"start":{"line":46,"column":17},"end":{"line":53,"column":null}},"type":"cond-expr","locations":[{"start":{"line":47,"column":20},"end":{"line":48,"column":null}},{"start":{"line":51,"column":20},"end":{"line":52,"column":null}}]}},"s":{"0":2,"1":2,"2":2,"3":2,"4":2,"5":6,"6":6,"7":12,"8":6,"9":6,"10":1,"11":6,"12":1,"13":5,"14":1,"15":4,"16":3,"17":2},"f":{"0":6,"1":12,"2":6,"3":3},"b":{"0":[1],"1":[1],"2":[1],"3":[2,2]}}
,"D:\\todo-app\\todo-frontend\\src\\services\\taskService.ts": {"path":"D:\\todo-app\\todo-frontend\\src\\services\\taskService.ts","statementMap":{"0":{"start":{"line":1,"column":0},"end":{"line":1,"column":26}},"1":{"start":{"line":4,"column":16},"end":{"line":4,"column":49}},"2":{"start":{"line":6,"column":13},"end":{"line":21,"column":2}},"3":{"start":{"line":8,"column":25},"end":{"line":8,"column":49}},"4":{"start":{"line":9,"column":8},"end":{"line":9,"column":29}},"5":{"start":{"line":13,"column":25},"end":{"line":13,"column":68}},"6":{"start":{"line":14,"column":8},"end":{"line":14,"column":29}},"7":{"start":{"line":18,"column":25},"end":{"line":18,"column":71}},"8":{"start":{"line":19,"column":8},"end":{"line":19,"column":29}}},"fnMap":{"0":{"name":"(anonymous_8)","decl":{"start":{"line":7,"column":10},"end":{"line":7,"column":18}},"loc":{"start":{"line":7,"column":18},"end":{"line":10,"column":null}}},"1":{"name":"(anonymous_10)","decl":{"start":{"line":12,"column":10},"end":{"line":12,"column":20}},"loc":{"start":{"line":12,"column":31},"end":{"line":15,"column":null}}},"2":{"name":"(anonymous_12)","decl":{"start":{"line":17,"column":10},"end":{"line":17,"column":22}},"loc":{"start":{"line":17,"column":33},"end":{"line":20,"column":null}}}},"branchMap":{},"s":{"0":6,"1":6,"2":6,"3":2,"4":1,"5":2,"6":1,"7":2,"8":1},"f":{"0":2,"1":2,"2":2},"b":{}}
,"D:\\todo-app\\todo-frontend\\src\\store\\actions.ts": {"path":"D:\\todo-app\\todo-frontend\\src\\store\\actions.ts","statementMap":{"0":{"start":{"line":1,"column":0},"end":{"line":1,"column":52}},"1":{"start":{"line":3,"column":0},"end":{"line":3,"column":54}},"2":{"start":{"line":5,"column":13},"end":{"line":7,"column":3}},"3":{"start":{"line":5,"column":74},"end":{"line":7,"column":2}},"4":{"start":{"line":6,"column":4},"end":{"line":6,"column":40}},"5":{"start":{"line":9,"column":13},"end":{"line":11,"column":3}},"6":{"start":{"line":9,"column":78},"end":{"line":11,"column":2}},"7":{"start":{"line":10,"column":4},"end":{"line":10,"column":46}},"8":{"start":{"line":13,"column":13},"end":{"line":15,"column":3}},"9":{"start":{"line":13,"column":88},"end":{"line":15,"column":2}},"10":{"start":{"line":14,"column":4},"end":{"line":14,"column":46}}},"fnMap":{"0":{"name":"(anonymous_7)","decl":{"start":{"line":5,"column":63},"end":{"line":5,"column":72}},"loc":{"start":{"line":5,"column":74},"end":{"line":7,"column":2}}},"1":{"name":"(anonymous_8)","decl":{"start":{"line":5,"column":74},"end":{"line":5,"column":null}},"loc":{"start":{"line":5,"column":74},"end":{"line":7,"column":1}}},"2":{"name":"(anonymous_9)","decl":{"start":{"line":9,"column":57},"end":{"line":9,"column":64}},"loc":{"start":{"line":9,"column":78},"end":{"line":11,"column":2}}},"3":{"name":"(anonymous_10)","decl":{"start":{"line":9,"column":78},"end":{"line":9,"column":null}},"loc":{"start":{"line":9,"column":78},"end":{"line":11,"column":1}}},"4":{"name":"(anonymous_11)","decl":{"start":{"line":13,"column":67},"end":{"line":13,"column":74}},"loc":{"start":{"line":13,"column":88},"end":{"line":15,"column":2}}},"5":{"name":"(anonymous_12)","decl":{"start":{"line":13,"column":88},"end":{"line":13,"column":null}},"loc":{"start":{"line":13,"column":88},"end":{"line":15,"column":1}}}},"branchMap":{},"s":{"0":5,"1":5,"2":5,"3":2,"4":2,"5":5,"6":1,"7":1,"8":5,"9":1,"10":1},"f":{"0":2,"1":2,"2":1,"3":1,"4":1,"5":1},"b":{}}
,"D:\\todo-app\\todo-frontend\\src\\store\\index.ts": {"path":"D:\\todo-app\\todo-frontend\\src\\store\\index.ts","statementMap":{"0":{"start":{"line":1,"column":0},"end":{"line":1,"column":50}},"1":{"start":{"line":2,"column":0},"end":{"line":2,"column":37}},"2":{"start":{"line":4,"column":13},"end":{"line":8,"column":3}}},"fnMap":{},"branchMap":{},"s":{"0":1,"1":1,"2":1},"f":{},"b":{}}
,"D:\\todo-app\\todo-frontend\\src\\store\\reducers.ts": {"path":"D:\\todo-app\\todo-frontend\\src\\store\\reducers.ts","statementMap":{"0":{"start":{"line":1,"column":0},"end":{"line":1,"column":62}},"1":{"start":{"line":3,"column":0},"end":{"line":3,"column":62}},"2":{"start":{"line":11,"column":32},"end":{"line":15,"column":2}},"3":{"start":{"line":17,"column":18},"end":{"line":44,"column":2}},"4":{"start":{"line":22,"column":8},"end":{"line":42,"column":15}},"5":{"start":{"line":24,"column":16},"end":{"line":24,"column":41}},"6":{"start":{"line":27,"column":16},"end":{"line":27,"column":43}},"7":{"start":{"line":28,"column":16},"end":{"line":28,"column":45}},"8":{"start":{"line":31,"column":16},"end":{"line":31,"column":40}},"9":{"start":{"line":32,"column":16},"end":{"line":32,"column":77}},"10":{"start":{"line":35,"column":16},"end":{"line":35,"column":52}},"11":{"start":{"line":36,"column":16},"end":{"line":38,"column":17}},"12":{"start":{"line":37,"column":20},"end":{"line":37,"column":38}},"13":{"start":{"line":41,"column":16},"end":{"line":41,"column":88}},"14":{"start":{"line":41,"column":57},"end":{"line":41,"column":86}},"15":{"start":{"line":46,"column":0},"end":{"line":46,"column":33}}},"fnMap":{"0":{"name":"(anonymous_0)","decl":{"start":{"line":21,"column":19},"end":{"line":21,"column":20}},"loc":{"start":{"line":21,"column":31},"end":{"line":43,"column":5}}},"1":{"name":"(anonymous_1)","decl":{"start":{"line":23,"column":41},"end":{"line":23,"column":42}},"loc":{"start":{"line":23,"column":51},"end":{"line":25,"column":13}}},"2":{"name":"(anonymous_2)","decl":{"start":{"line":26,"column":43},"end":{"line":26,"column":44}},"loc":{"start":{"line":26,"column":84},"end":{"line":29,"column":13}}},"3":{"name":"(anonymous_3)","decl":{"start":{"line":30,"column":42},"end":{"line":30,"column":43}},"loc":{"start":{"line":30,"column":60},"end":{"line":33,"column":13}}},"4":{"name":"(anonymous_4)","decl":{"start":{"line":34,"column":40},"end":{"line":34,"column":41}},"loc":{"start":{"line":34,"column":79},"end":{"line":39,"column":13}}},"5":{"name":"(anonymous_5)","decl":{"start":{"line":40,"column":45},"end":{"line":40,"column":46}},"loc":{"start":{"line":40,"column":84},"end":{"line":42,"column":13}}},"6":{"name":"(anonymous_6)","decl":{"start":{"line":41,"column":49},"end":{"line":41,"column":53}},"loc":{"start":{"line":41,"column":57},"end":{"line":41,"column":86}}}},"branchMap":{"0":{"loc":{"start":{"line":32,"column":30},"end":{"line":32,"column":76}},"type":"binary-expr","locations":[{"start":{"line":32,"column":30},"end":{"line":32,"column":50}},{"start":{"line":32,"column":54},"end":{"line":32,"column":76}}]},"1":{"loc":{"start":{"line":36,"column":16},"end":{"line":38,"column":17}},"type":"if","locations":[{"start":{"line":36,"column":16},"end":{"line":38,"column":17}}]}},"s":{"0":2,"1":2,"2":2,"3":2,"4":2,"5":1,"6":1,"7":1,"8":1,"9":1,"10":2,"11":2,"12":1,"13":1,"14":2,"15":2},"f":{"0":2,"1":1,"2":1,"3":1,"4":2,"5":1,"6":2},"b":{"0":[1,1],"1":[1]}}
,"D:\\todo-app\\todo-frontend\\src\\utils\\formatters.ts": {"path":"D:\\todo-app\\todo-frontend\\src\\utils\\formatters.ts","statementMap":{"0":{"start":{"line":1,"column":33},"end":{"line":9,"column":1}},"1":{"start":{"line":2,"column":4},"end":{"line":2,"column":25}},"2":{"start":{"line":2,"column":15},"end":{"line":2,"column":25}},"3":{"start":{"line":4,"column":19},"end":{"line":4,"column":21}},"4":{"start":{"line":5,"column":4},"end":{"line":7,"column":5}},"5":{"start":{"line":5,"column":17},"end":{"line":5,"column":18}},"6":{"start":{"line":6,"column":8},"end":{"line":6,"column":54}},"7":{"start":{"line":8,"column":4},"end":{"line":8,"column":29}},"8":{"start":{"line":1,"column":13},"end":{"line":1,"column":33}}},"fnMap":{"0":{"name":"(anonymous_0)","decl":{"start":{"line":1,"column":33},"end":{"line":1,"column":34}},"loc":{"start":{"line":1,"column":74},"end":{"line":9,"column":1}}}},"branchMap":{"0":{"loc":{"start":{"line":1,"column":48},"end":{"line":1,"column":70}},"type":"default-arg","locations":[{"start":{"line":1,"column":68},"end":{"line":1,"column":70}}]},"1":{"loc":{"start":{"line":2,"column":4},"end":{"line":2,"column":25}},"type":"if","locations":[{"start":{"line":2,"column":4},"end":{"line":2,"column":25}}]}},"s":{"0":2,"1":6,"2":1,"3":5,"4":5,"5":5,"6":9,"7":5,"8":2},"f":{"0":6},"b":{"0":[2],"1":[1]}}
}
