TN:
SF:src\App.tsx
FN:5,App
FNF:1
FNH:1
FNDA:1,App
DA:1,1
DA:2,1
DA:3,1
DA:6,1
DA:24,1
LF:5
LH:5
BRF:0
BRH:0
end_of_record
TN:
SF:src\components\Header.tsx
FN:1,(anonymous_0)
FNF:1
FNH:1
FNDA:4,(anonymous_0)
DA:1,2
DA:2,4
DA:14,2
LF:3
LH:3
BRF:0
BRH:0
end_of_record
TN:
SF:src\components\TaskForm.tsx
FN:6,(anonymous_0)
FN:16,(anonymous_1)
FN:30,(anonymous_2)
FN:61,(anonymous_3)
FN:84,(anonymous_4)
FNF:5
FNH:5
FNDA:35,(anonymous_0)
FNDA:22,(anonymous_1)
FNDA:4,(anonymous_2)
FNDA:6,(anonymous_3)
FNDA:6,(anonymous_4)
DA:1,2
DA:2,2
DA:3,2
DA:6,2
DA:7,35
DA:8,35
DA:9,35
DA:10,35
DA:11,35
DA:13,35
DA:14,35
DA:16,35
DA:17,22
DA:18,3
DA:20,19
DA:23,22
DA:24,2
DA:26,20
DA:30,35
DA:31,4
DA:33,4
DA:34,3
DA:35,2
DA:37,1
DA:38,1
DA:39,1
DA:42,35
DA:45,35
DA:61,6
DA:84,6
DA:115,2
LF:31
LH:31
BRDA:17,0,0,3
BRDA:17,0,1,19
BRDA:23,1,0,2
BRDA:23,1,1,20
BRDA:33,2,0,1
BRDA:34,3,0,1
BRDA:35,4,0,1
BRDA:42,5,0,35
BRDA:42,5,1,18
BRDA:42,5,2,12
BRDA:64,6,0,4
BRDA:64,6,1,31
BRDA:67,7,0,35
BRDA:67,7,1,4
BRDA:88,8,0,2
BRDA:88,8,1,33
BRDA:90,9,0,35
BRDA:90,9,1,2
BRDA:101,10,0,25
BRDA:101,10,1,10
BRDA:101,11,0,35
BRDA:101,11,1,29
BRDA:101,11,2,12
BRF:23
BRH:23
end_of_record
TN:
SF:src\components\TaskItem.tsx
FN:11,(anonymous_0)
FN:14,(anonymous_1)
FN:20,(anonymous_2)
FNF:3
FNH:3
FNDA:5,(anonymous_0)
FNDA:1,(anonymous_1)
FNDA:4,(anonymous_2)
DA:1,2
DA:2,2
DA:5,2
DA:11,2
DA:12,5
DA:14,5
DA:15,1
DA:16,1
DA:20,5
DA:21,4
DA:22,4
DA:28,5
DA:30,5
DA:32,5
DA:66,2
LF:15
LH:15
BRDA:15,0,0,1
BRDA:28,1,0,4
BRDA:28,1,1,1
BRDA:30,2,0,4
BRDA:30,2,1,1
BRDA:38,3,0,5
BRDA:38,3,1,4
BRDA:46,4,0,5
BRDA:46,4,1,1
BRF:9
BRH:9
end_of_record
TN:
SF:src\components\TaskList.tsx
FN:7,(anonymous_1)
FN:9,(anonymous_2)
FN:11,(anonymous_3)
FN:52,(anonymous_4)
FNF:4
FNH:4
FNDA:6,(anonymous_1)
FNDA:12,(anonymous_2)
FNDA:6,(anonymous_3)
FNDA:3,(anonymous_4)
DA:1,2
DA:2,2
DA:3,2
DA:5,2
DA:7,2
DA:8,6
DA:9,12
DA:11,6
DA:12,6
DA:13,1
DA:17,6
DA:18,1
DA:25,5
DA:26,1
DA:42,4
DA:52,3
DA:60,2
LF:17
LH:17
BRDA:12,0,0,1
BRDA:17,1,0,1
BRDA:25,2,0,1
BRDA:46,3,0,2
BRDA:46,3,1,2
BRF:5
BRH:5
end_of_record
TN:
SF:src\services\taskService.ts
FN:7,(anonymous_8)
FN:12,(anonymous_10)
FN:17,(anonymous_12)
FNF:3
FNH:3
FNDA:2,(anonymous_8)
FNDA:2,(anonymous_10)
FNDA:2,(anonymous_12)
DA:1,6
DA:4,6
DA:6,6
DA:8,2
DA:9,1
DA:13,2
DA:14,1
DA:18,2
DA:19,1
LF:9
LH:9
BRF:0
BRH:0
end_of_record
TN:
SF:src\store\actions.ts
FN:5,(anonymous_7)
FN:5,(anonymous_8)
FN:9,(anonymous_9)
FN:9,(anonymous_10)
FN:13,(anonymous_11)
FN:13,(anonymous_12)
FNF:6
FNH:6
FNDA:2,(anonymous_7)
FNDA:2,(anonymous_8)
FNDA:1,(anonymous_9)
FNDA:1,(anonymous_10)
FNDA:1,(anonymous_11)
FNDA:1,(anonymous_12)
DA:1,5
DA:3,5
DA:5,5
DA:6,2
DA:9,5
DA:10,1
DA:13,5
DA:14,1
LF:8
LH:8
BRF:0
BRH:0
end_of_record
TN:
SF:src\store\index.ts
FNF:0
FNH:0
DA:1,1
DA:2,1
DA:4,1
LF:3
LH:3
BRF:0
BRH:0
end_of_record
TN:
SF:src\store\reducers.ts
FN:21,(anonymous_0)
FN:23,(anonymous_1)
FN:26,(anonymous_2)
FN:30,(anonymous_3)
FN:34,(anonymous_4)
FN:40,(anonymous_5)
FN:41,(anonymous_6)
FNF:7
FNH:7
FNDA:2,(anonymous_0)
FNDA:1,(anonymous_1)
FNDA:1,(anonymous_2)
FNDA:1,(anonymous_3)
FNDA:2,(anonymous_4)
FNDA:1,(anonymous_5)
FNDA:2,(anonymous_6)
DA:1,2
DA:3,2
DA:11,2
DA:17,2
DA:22,2
DA:24,1
DA:27,1
DA:28,1
DA:31,1
DA:32,1
DA:35,2
DA:36,2
DA:37,1
DA:41,2
DA:46,2
LF:15
LH:15
BRDA:32,0,0,1
BRDA:32,0,1,1
BRDA:36,1,0,1
BRF:3
BRH:3
end_of_record
TN:
SF:src\utils\formatters.ts
FN:1,(anonymous_0)
FNF:1
FNH:1
FNDA:6,(anonymous_0)
DA:1,2
DA:2,6
DA:4,5
DA:5,5
DA:6,9
DA:8,5
LF:6
LH:6
BRDA:1,0,0,2
BRDA:2,1,0,1
BRF:2
BRH:2
end_of_record
