{"D:\\todo-app\\todo-backend\\src\\controllers\\task.controller.ts": {"path":"D:\\todo-app\\todo-backend\\src\\controllers\\task.controller.ts","statementMap":{"0":{"start":{"line":2,"column":0},"end":{"line":2,"column":55}},"1":{"start":{"line":4,"column":13},"end":{"line":41,"column":2}},"2":{"start":{"line":6,"column":8},"end":{"line":11,"column":9}},"3":{"start":{"line":7,"column":26},"end":{"line":7,"column":57}},"4":{"start":{"line":8,"column":12},"end":{"line":8,"column":28}},"5":{"start":{"line":10,"column":12},"end":{"line":10,"column":24}},"6":{"start":{"line":15,"column":8},"end":{"line":25,"column":9}},"7":{"start":{"line":16,"column":43},"end":{"line":16,"column":51}},"8":{"start":{"line":17,"column":12},"end":{"line":19,"column":13}},"9":{"start":{"line":18,"column":16},"end":{"line":18,"column":76}},"10":{"start":{"line":21,"column":25},"end":{"line":21,"column":77}},"11":{"start":{"line":22,"column":12},"end":{"line":22,"column":39}},"12":{"start":{"line":24,"column":12},"end":{"line":24,"column":24}},"13":{"start":{"line":29,"column":8},"end":{"line":39,"column":9}},"14":{"start":{"line":30,"column":23},"end":{"line":30,"column":46}},"15":{"start":{"line":31,"column":12},"end":{"line":33,"column":13}},"16":{"start":{"line":32,"column":16},"end":{"line":32,"column":74}},"17":{"start":{"line":35,"column":25},"end":{"line":35,"column":67}},"18":{"start":{"line":36,"column":12},"end":{"line":36,"column":27}},"19":{"start":{"line":38,"column":12},"end":{"line":38,"column":24}}},"fnMap":{"0":{"name":"(anonymous_7)","decl":{"start":{"line":5,"column":10},"end":{"line":5,"column":18}},"loc":{"start":{"line":5,"column":66},"end":{"line":12,"column":null}}},"1":{"name":"(anonymous_9)","decl":{"start":{"line":14,"column":10},"end":{"line":14,"column":20}},"loc":{"start":{"line":14,"column":68},"end":{"line":26,"column":null}}},"2":{"name":"(anonymous_11)","decl":{"start":{"line":28,"column":10},"end":{"line":28,"column":22}},"loc":{"start":{"line":28,"column":70},"end":{"line":40,"column":null}}}},"branchMap":{"0":{"loc":{"start":{"line":17,"column":12},"end":{"line":19,"column":13}},"type":"if","locations":[{"start":{"line":17,"column":12},"end":{"line":19,"column":13}}]},"1":{"loc":{"start":{"line":31,"column":12},"end":{"line":33,"column":13}},"type":"if","locations":[{"start":{"line":31,"column":12},"end":{"line":33,"column":13}}]}},"s":{"0":0,"1":0,"2":0,"3":0,"4":0,"5":0,"6":0,"7":0,"8":0,"9":0,"10":0,"11":0,"12":0,"13":0,"14":0,"15":0,"16":0,"17":0,"18":0,"19":0},"f":{"0":0,"1":0,"2":0},"b":{"0":[0],"1":[0]}}
,"D:\\todo-app\\todo-backend\\src\\lib\\prisma.ts": {"path":"D:\\todo-app\\todo-backend\\src\\lib\\prisma.ts","statementMap":{"0":{"start":{"line":1,"column":0},"end":{"line":1,"column":46}},"1":{"start":{"line":4,"column":4},"end":{"line":6,"column":34}},"2":{"start":{"line":8,"column":0},"end":{"line":10,"column":1}},"3":{"start":{"line":9,"column":4},"end":{"line":9,"column":44}},"4":{"start":{"line":12,"column":15},"end":{"line":18,"column":2}},"5":{"start":{"line":20,"column":0},"end":{"line":20,"column":22}}},"fnMap":{},"branchMap":{"0":{"loc":{"start":{"line":4,"column":4},"end":{"line":6,"column":34}},"type":"cond-expr","locations":[{"start":{"line":5,"column":10},"end":{"line":5,"column":39}},{"start":{"line":6,"column":10},"end":{"line":6,"column":34}}]},"1":{"loc":{"start":{"line":8,"column":0},"end":{"line":10,"column":1}},"type":"if","locations":[{"start":{"line":8,"column":0},"end":{"line":10,"column":1}}]}},"s":{"0":0,"1":0,"2":0,"3":0,"4":0,"5":0},"f":{},"b":{"0":[0,0],"1":[0]}}
,"D:\\todo-app\\todo-backend\\src\\middleware\\error.middleware.ts": {"path":"D:\\todo-app\\todo-backend\\src\\middleware\\error.middleware.ts","statementMap":{"0":{"start":{"line":3,"column":28},"end":{"line":6,"column":1}},"1":{"start":{"line":4,"column":2},"end":{"line":4,"column":21}},"2":{"start":{"line":5,"column":2},"end":{"line":5,"column":59}},"3":{"start":{"line":3,"column":13},"end":{"line":3,"column":28}}},"fnMap":{"0":{"name":"(anonymous_0)","decl":{"start":{"line":3,"column":28},"end":{"line":3,"column":29}},"loc":{"start":{"line":3,"column":92},"end":{"line":6,"column":1}}}},"branchMap":{},"s":{"0":1,"1":2,"2":2,"3":1},"f":{"0":2},"b":{}}
,"D:\\todo-app\\todo-backend\\src\\routes\\task.routes.ts": {"path":"D:\\todo-app\\todo-backend\\src\\routes\\task.routes.ts","statementMap":{"0":{"start":{"line":1,"column":0},"end":{"line":1,"column":33}},"1":{"start":{"line":2,"column":0},"end":{"line":2,"column":64}},"2":{"start":{"line":4,"column":15},"end":{"line":4,"column":23}},"3":{"start":{"line":15,"column":0},"end":{"line":15,"column":48}},"4":{"start":{"line":39,"column":0},"end":{"line":39,"column":57}},"5":{"start":{"line":56,"column":0},"end":{"line":56,"column":66}},"6":{"start":{"line":58,"column":0},"end":{"line":58,"column":22}}},"fnMap":{},"branchMap":{},"s":{"0":0,"1":0,"2":0,"3":0,"4":0,"5":0,"6":0},"f":{},"b":{}}
,"D:\\todo-app\\todo-backend\\src\\services\\task.service.ts": {"path":"D:\\todo-app\\todo-backend\\src\\services\\task.service.ts","statementMap":{"0":{"start":{"line":1,"column":0},"end":{"line":1,"column":35}},"1":{"start":{"line":4,"column":13},"end":{"line":29,"column":2}},"2":{"start":{"line":5,"column":22},"end":{"line":11,"column":null}},"3":{"start":{"line":6,"column":8},"end":{"line":10,"column":11}},"4":{"start":{"line":14,"column":8},"end":{"line":20,"column":11}},"5":{"start":{"line":24,"column":8},"end":{"line":27,"column":11}}},"fnMap":{"0":{"name":"(anonymous_8)","decl":{"start":{"line":5,"column":10},"end":{"line":5,"column":21}},"loc":{"start":{"line":5,"column":21},"end":{"line":11,"column":null}}},"1":{"name":"(anonymous_9)","decl":{"start":{"line":5,"column":22},"end":{"line":5,"column":27}},"loc":{"start":{"line":5,"column":31},"end":{"line":11,"column":5}}},"2":{"name":"(anonymous_10)","decl":{"start":{"line":13,"column":10},"end":{"line":13,"column":20}},"loc":{"start":{"line":13,"column":34},"end":{"line":21,"column":null}}},"3":{"name":"(anonymous_12)","decl":{"start":{"line":23,"column":10},"end":{"line":23,"column":30}},"loc":{"start":{"line":23,"column":41},"end":{"line":28,"column":null}}}},"branchMap":{"0":{"loc":{"start":{"line":5,"column":22},"end":{"line":5,"column":31}},"type":"default-arg","locations":[{"start":{"line":5,"column":30},"end":{"line":5,"column":31}}]},"1":{"loc":{"start":{"line":17,"column":29},"end":{"line":17,"column":51}},"type":"binary-expr","locations":[{"start":{"line":17,"column":29},"end":{"line":17,"column":45}},{"start":{"line":17,"column":49},"end":{"line":17,"column":51}}]}},"s":{"0":0,"1":0,"2":0,"3":0,"4":0,"5":0},"f":{"0":0,"1":0,"2":0,"3":0},"b":{"0":[0],"1":[0,0]}}
}
